<?xml version="1.0" encoding="UTF-8"?>
<testng-results ignored="0" total="2" passed="2" failed="0" skipped="0">
  <reporter-output>
  </reporter-output>
  <suite started-at="2025-05-11T13:34:26 IST" name="Suite" finished-at="2025-05-11T13:34:40 IST" duration-ms="13524">
    <groups>
    </groups>
    <test started-at="2025-05-11T13:34:26 IST" name="Test" finished-at="2025-05-11T13:34:40 IST" duration-ms="13524">
      <class name="testing.Flurn_HomepageLogin">
        <test-method is-config="true" signature="BeforeTest()[pri:0, instance:testing.Flurn_HomepageLogin@69930714]" started-at="2025-05-11T13:34:26 IST" name="BeforeTest" finished-at="2025-05-11T13:34:28 IST" duration-ms="1739" status="PASS">
          <reporter-output>
          </reporter-output>
        </test-method> <!-- BeforeTest -->
        <test-method signature="Login()[pri:0, instance:testing.Flurn_HomepageLogin@69930714]" started-at="2025-05-11T13:34:28 IST" name="Login" finished-at="2025-05-11T13:34:33 IST" duration-ms="4927" status="PASS">
          <reporter-output>
          </reporter-output>
        </test-method> <!-- Login -->
        <test-method signature="search()[pri:0, instance:testing.Flurn_HomepageLogin@69930714]" started-at="2025-05-11T13:34:33 IST" name="search" finished-at="2025-05-11T13:34:39 IST" duration-ms="6095" status="PASS">
          <reporter-output>
          </reporter-output>
        </test-method> <!-- search -->
        <test-method is-config="true" signature="closeBrowser()[pri:0, instance:testing.Flurn_HomepageLogin@69930714]" started-at="2025-05-11T13:34:39 IST" name="closeBrowser" finished-at="2025-05-11T13:34:40 IST" duration-ms="677" status="PASS">
          <reporter-output>
          </reporter-output>
        </test-method> <!-- closeBrowser -->
      </class> <!-- testing.Flurn_HomepageLogin -->
    </test> <!-- Test -->
  </suite> <!-- Suite -->
</testng-results>
